\BOOKMARK [1][]{section.1}{\376\377\116\000\060\001\000\040\225\356\230\230\221\315\217\360\116\016\225\356\230\230\122\006\147\220}{}% 1
\BOOKMARK [2][]{subsection.1.1}{\376\377\0001\000.\0001\000\040\225\356\230\230\221\315\217\360}{section.1}% 2
\BOOKMARK [2][]{subsection.1.2}{\376\377\0001\000.\0002\000\040\225\356\230\230\122\006\147\220}{section.1}% 3
\BOOKMARK [3][]{subsubsection.1.2.1}{\376\377\0001\000.\0002\000.\0001\000\040\225\356\230\230\116\000\166\204\122\006\147\220}{subsection.1.2}% 4
\BOOKMARK [3][]{subsubsection.1.2.2}{\376\377\0001\000.\0002\000.\0002\000\040\225\356\230\230\116\214\166\204\122\006\147\220}{subsection.1.2}% 5
\BOOKMARK [3][]{subsubsection.1.2.3}{\376\377\0001\000.\0002\000.\0003\000\040\225\356\230\230\116\011\166\204\122\006\147\220}{subsection.1.2}% 6
\BOOKMARK [3][]{subsubsection.1.2.4}{\376\377\0001\000.\0002\000.\0004\000\040\225\356\230\230\126\333\166\204\122\006\147\220}{subsection.1.2}% 7
\BOOKMARK [1][]{section.2}{\376\377\116\214\060\001\000\040\152\041\127\213\120\107\213\276\116\016\173\046\123\367\213\364\146\016}{}% 8
\BOOKMARK [2][]{subsection.2.1}{\376\377\0002\000.\0001\000\040\152\041\127\213\120\107\213\276}{section.2}% 9
\BOOKMARK [1][]{section.3}{\376\377\116\011\060\001\000\040\145\160\143\156\230\204\131\004\164\006}{}% 10
\BOOKMARK [2][]{subsection.3.1}{\376\377\0003\000.\0001\000\040\145\160\143\156\156\005\155\027}{section.3}% 11
\BOOKMARK [3][]{subsubsection.3.1.1}{\376\377\0003\000.\0001\000.\0001\000\040\131\004\164\006\177\072\131\061\120\074}{subsection.3.1}% 12
\BOOKMARK [3][]{subsubsection.3.1.2}{\376\377\0003\000.\0001\000.\0002\000\040\131\004\164\006\124\053\221\317\172\172\166\175\120\074}{subsection.3.1}% 13
\BOOKMARK [3][]{subsubsection.3.1.3}{\376\377\0003\000.\0001\000.\0003\000\040\131\004\164\006\137\002\136\070\120\074}{subsection.3.1}% 14
\BOOKMARK [3][]{subsubsection.3.1.4}{\376\377\0003\000.\0001\000.\0004\000\040\131\004\164\006\131\107\137\002\120\074}{subsection.3.1}% 15
\BOOKMARK [2][]{subsection.3.2}{\376\377\0003\000.\0002\000\040\145\160\143\156\211\304\176\246}{section.3}% 16
\BOOKMARK [3][]{subsubsection.3.2.1}{\376\377\0003\000.\0002\000.\0001\000\040\137\122\116\000\123\026\131\004\164\006}{subsection.3.2}% 17
\BOOKMARK [3][]{subsubsection.3.2.2}{\376\377\0003\000.\0002\000.\0002\000\040\133\127\173\046\145\160\143\156\145\160\120\074\123\026}{subsection.3.2}% 18
\BOOKMARK [2][]{subsection.3.3}{\376\377\0003\000.\0003\000\040\145\160\143\156\117\247\121\231}{section.3}% 19
\BOOKMARK [1][]{section.4}{\376\377\126\333\060\001\000\040\225\356\230\230\116\000\152\041\127\213\166\204\136\372\172\313\116\016\122\006\147\220}{}% 20
\BOOKMARK [2][]{subsection.4.1}{\376\377\0004\000.\0001\000\040\230\316\123\026\176\323\147\234\116\016\163\273\164\203\174\173\127\213\060\001\176\271\231\160\116\016\230\234\202\162\166\204\121\163\174\373\166\204\143\317\217\360\140\047\122\006\147\220}{section.4}% 21
\BOOKMARK [2][]{subsection.4.2}{\376\377\0004\000.\0002\000\040\127\372\116\216\000S\000p\000e\000a\000r\000m\000a\000n\166\370\121\163\174\373\145\160\166\204\143\011\124\053\221\317\153\324\117\213\122\006\174\173\166\204\122\006\174\173\152\041\127\213}{section.4}% 22
\BOOKMARK [2][]{subsection.4.3}{\376\377\0004\000.\0003\000\040\127\372\116\216\123\315\124\021\117\040\144\255\123\330\143\142\166\204\176\277\140\047\220\073\217\221\126\336\137\122\166\204\230\204\155\113\152\041\127\213}{section.4}% 23
\BOOKMARK [3][]{subsubsection.4.3.1}{\376\377\0004\000.\0003\000.\0001\000\040\220\011\123\326\162\171\137\201\377\010\123\026\133\146\142\020\122\006\124\053\221\317\377\011}{subsection.4.3}% 24
\BOOKMARK [3][]{subsubsection.4.3.2}{\376\377\0004\000.\0003\000.\0002\000\040\136\372\172\313\176\277\140\047\220\073\217\221\126\336\137\122\145\271\172\013}{subsection.4.3}% 25
\BOOKMARK [3][]{subsubsection.4.3.3}{\376\377\0004\000.\0003\000.\0003\000\040\123\026\133\146\142\020\122\006\124\053\221\317\166\204\123\315\124\021\117\040\144\255}{subsection.4.3}% 26
\BOOKMARK [1][]{section.5}{\376\377\116\224\060\001\000\040\225\356\230\230\116\214\152\041\127\213\166\204\136\372\172\313\116\016\154\102\211\343}{}% 27
\BOOKMARK [2][]{subsection.5.1}{\376\377\0005\000.\0001\000\040\232\330\224\276\060\001\224\305\224\241\163\273\164\203\122\006\174\173\211\304\137\213\166\204\143\317\217\360\140\047\176\337\213\241\122\006\147\220}{section.5}% 28
\BOOKMARK [3][]{subsubsection.5.1.1}{\376\377\0005\000.\0001\000.\0001\000\040\176\337\213\241\211\304\137\213\166\204\133\232\140\047\122\006\147\220}{subsection.5.1}% 29
\BOOKMARK [3][]{subsubsection.5.1.2}{\376\377\0005\000.\0001\000.\0002\000\040\176\337\213\241\211\304\137\213\166\204\133\232\221\317\122\006\147\220}{subsection.5.1}% 30
\BOOKMARK [3][]{subsubsection.5.1.3}{\376\377\0005\000.\0001\000.\0003\000\040\122\006\174\173\211\304\137\213\140\073\217\360}{subsection.5.1}% 31
\BOOKMARK [2][]{subsection.5.2}{\376\377\0005\000.\0002\000\040\127\372\116\216\145\271\135\356\122\006\147\220\166\204\000K\000-\000m\000e\000a\000n\000s\200\132\174\173\152\041\127\213\166\204\136\372\172\313\116\016\154\102\211\343}{section.5}% 32
\BOOKMARK [3][]{subsubsection.5.2.1}{\376\377\0005\000.\0002\000.\0001\000\040\220\011\142\351\124\010\220\002\166\204\123\026\133\146\142\020\122\006}{subsection.5.2}% 33
\BOOKMARK [3][]{subsubsection.5.2.2}{\376\377\0005\000.\0002\000.\0002\000\040\170\156\133\232\147\000\117\163\200\132\174\173\145\160}{subsection.5.2}% 34
\BOOKMARK [3][]{subsubsection.5.2.3}{\376\377\0005\000.\0002\000.\0003\000\040\000K\000-\000m\000e\000a\000n\000s\200\132\174\173\123\312\176\323\147\234}{subsection.5.2}% 35
\BOOKMARK [2][]{subsection.5.3}{\376\377\0005\000.\0003\000\040\200\132\174\173\152\041\127\213\166\204\124\010\164\006\140\047\116\016\145\117\141\037\136\246\122\006\147\220}{section.5}% 36
\BOOKMARK [3][]{subsubsection.5.3.1}{\376\377\0005\000.\0003\000.\0001\000\040\124\010\164\006\140\047\122\006\147\220}{subsection.5.3}% 37
\BOOKMARK [1][]{section.6}{\376\377\121\155\060\001\000\040\225\356\230\230\116\011\152\041\127\213\166\204\136\372\172\313\116\016\154\102\211\343}{}% 38
\BOOKMARK [2][]{subsection.6.1}{\376\377\0006\000.\0001\000\040\145\057\143\001\124\021\221\317\147\072\152\041\127\213\166\204\147\204\136\372}{section.6}% 39
\BOOKMARK [3][]{subsubsection.6.1.1}{\376\377\0006\000.\0001\000.\0001\000\040\145\057\143\001\124\021\221\317\147\072\173\200\116\313}{subsection.6.1}% 40
\BOOKMARK [3][]{subsubsection.6.1.2}{\376\377\0006\000.\0001\000.\0002\000\040\123\026\133\146\142\020\122\006\162\171\137\201\220\011\142\351}{subsection.6.1}% 41
\BOOKMARK [3][]{subsubsection.6.1.3}{\376\377\0006\000.\0001\000.\0003\000\040\152\041\127\213\215\205\123\302\145\160\166\204\220\011\142\351\123\312\152\041\127\213\213\255\176\303}{subsection.6.1}% 42
\BOOKMARK [2][]{subsection.6.2}{\376\377\0006\000.\0002\000\040\121\263\173\126\150\021\152\041\127\213\166\204\147\204\136\372}{section.6}% 43
\BOOKMARK [3][]{subsubsection.6.2.1}{\376\377\0006\000.\0002\000.\0001\000\040\000C\000A\000R\000T\121\263\173\126\150\021\152\041\127\213\173\200\116\313}{subsection.6.2}% 44
\BOOKMARK [3][]{subsubsection.6.2.2}{\376\377\0006\000.\0002\000.\0002\000\040\123\026\133\146\142\020\122\006\162\171\137\201\220\011\123\326}{subsection.6.2}% 45
\BOOKMARK [3][]{subsubsection.6.2.3}{\376\377\0006\000.\0002\000.\0003\000\040\152\041\127\213\215\205\123\302\145\160\166\204\220\011\142\351\123\312\152\041\127\213\213\255\176\303}{subsection.6.2}% 46
\BOOKMARK [2][]{subsection.6.3}{\376\377\0006\000.\0003\000\040\176\323\147\234\230\204\155\113}{section.6}% 47
\BOOKMARK [2][]{subsection.6.4}{\376\377\0006\000.\0004\000\040\145\117\141\037\140\047\122\006\147\220}{section.6}% 48
\BOOKMARK [1][]{section.7}{\376\377\116\003\060\001\000\040\225\356\230\230\126\333\166\204\122\006\147\220}{}% 49
\BOOKMARK [2][]{subsection.7.1}{\376\377\0007\000.\0001\000\040\123\026\133\146\142\020\122\006\121\163\200\124\121\163\174\373\166\204\143\317\217\360\140\047\122\006\147\220}{section.7}% 50
\BOOKMARK [2][]{subsection.7.2}{\376\377\0007\000.\0002\000\040\116\015\124\014\163\273\164\203\174\173\127\213\225\364\123\026\133\146\142\020\122\006\121\163\174\373\166\204\135\356\137\002\140\047\122\006\147\220}{section.7}% 51
\BOOKMARK [1][]{appendix.a.A}{\376\377\226\104\137\125\000\040\000A\000\040\232\330\224\276\163\273\164\203\145\207\162\151\150\067\124\301\166\204\000p\0001\120\074}{}% 52
\BOOKMARK [1][]{appendix.a.B}{\376\377\226\104\137\125\000\040\000B\000\040\224\305\224\241\163\273\164\203\145\207\162\151\150\067\124\301\166\204\000p\0002\120\074}{}% 53
\BOOKMARK [1][]{appendix.a.C}{\376\377\226\104\137\125\000\040\000C\000\040\230\316\123\026\124\016\232\330\224\276\163\273\164\203\123\026\133\146\142\020\122\006\166\204\230\204\155\113}{}% 54
\BOOKMARK [1][]{appendix.a.D}{\376\377\226\104\137\125\000\040\000D\000\040\230\316\123\026\124\016\224\305\224\241\163\273\164\203\123\026\133\146\142\020\122\006\166\204\230\204\155\113}{}% 55
\BOOKMARK [1][]{appendix.a.E}{\376\377\226\104\137\125\000\040\000E\000\040\176\330\122\066\220\073\217\221\126\336\137\122\167\037\133\236\120\074\116\016\230\204\155\113\120\074\166\204\000m\000a\000t\000l\000a\000b\116\343\170\001}{}% 56
\BOOKMARK [1][]{appendix.a.F}{\376\377\226\104\137\125\000\040\000F\000\040\131\004\164\006\124\053\221\317\172\172\166\175\120\074\166\204\000p\000y\000t\000h\000o\000n\116\343\170\001}{}% 57
\BOOKMARK [1][]{appendix.a.G}{\376\377\226\104\137\125\000\040\000G\000\040\165\050\116\216\177\026\170\001\166\204\000p\000y\000t\000h\000o\000n\116\343\170\001}{}% 58
\BOOKMARK [1][]{appendix.a.H}{\376\377\226\104\137\125\000\040\000H\000\040\165\050\116\216\213\255\176\303\176\277\140\047\220\073\217\221\126\336\137\122\145\271\172\013\166\204\000p\000y\000t\000h\000o\000n\116\343\170\001}{}% 59
\BOOKMARK [1][]{appendix.a.I}{\376\377\226\104\137\125\000\040\000I\000\040\200\230\220\350\154\325\203\267\123\326\200\132\174\173\000K\120\074\166\204\000p\000y\000t\000h\000o\000n\116\343\170\001}{}% 60
\BOOKMARK [1][]{appendix.a.J}{\376\377\226\104\137\125\000\040\000J\000\040\217\156\136\323\122\006\147\220\203\267\123\326\200\132\174\173\000K\120\074\166\204\000p\000y\000t\000h\000o\000n\116\343\170\001}{}% 61
\BOOKMARK [1][]{appendix.a.K}{\376\377\226\104\137\125\000\040\000K\000\040\000K\000-\000m\000e\000a\000n\000s\166\204\000m\000a\000t\000l\000a\000b\116\343\170\001}{}% 62
